<?xml version="1.0" encoding="UTF-8" ?>
<testsuites id="2025-08-18" name="report_1" tests="14" failures="0" skipped="0" flaky="0" time="0.000">
	<testsuite id="0" name="factory_test" package="tests/core/autoload" timestamp="2025-08-18T14:07:42" hostname="localhost" tests="6" failures="0" errors="0" skipped="0" flaky="0" time="0.854">
		<testcase name="test_confirmation_dialog:0 (&apos;Anything&apos;, &apos;Anything&apos;, &apos;Anything&apos;, &apos;Anything&apos;, null::null, null::null, true)" classname="factory_test" time="0.198">
		</testcase>
		<testcase name="test_confirmation_dialog:1 (&apos;Anything&apos;, &apos;Anything&apos;, &apos;Anything&apos;, &apos;Anything&apos;, null::null, null::null, false)" classname="factory_test" time="0.085">
		</testcase>
		<testcase name="test_menu_button:0 (false, &apos;Test&apos;)" classname="factory_test" time="0.082">
		</testcase>
		<testcase name="test_menu_button:1 (true, &apos;&apos;)" classname="factory_test" time="0.081">
		</testcase>
		<testcase name="test_signle_line_input:0 (&apos;&apos;, &apos;&apos;, null::null, true)" classname="factory_test" time="0.123">
		</testcase>
		<testcase name="test_signle_line_input:1 (&apos;&apos;, &apos;&apos;, null::null, false)" classname="factory_test" time="0.083">
		</testcase>
	</testsuite>
	<testsuite id="1" name="translation_manager_test" package="tests/core/autoload" timestamp="2025-08-18T14:07:43" hostname="localhost" tests="7" failures="0" errors="0" skipped="0" flaky="0" time="0.368">
		<testcase name="test_get_text_from_string_source" classname="translation_manager_test" time="0.046">
		</testcase>
		<testcase name="test_get_text_from_string_source_fallback" classname="translation_manager_test" time="0.034">
		</testcase>
		<testcase name="test_get_text_from_string_source_invalid_key" classname="translation_manager_test" time="0.034">
		</testcase>
		<testcase name="test_get_text_from_string_source_invalid_lang" classname="translation_manager_test" time="0.034">
		</testcase>
		<testcase name="test_get_text_invalid_file" classname="translation_manager_test" time="0.034">
		</testcase>
		<testcase name="test_set_language_restore_default" classname="translation_manager_test" time="0.034">
		</testcase>
		<testcase name="test_set_language_change" classname="translation_manager_test" time="0.033">
		</testcase>
	</testsuite>
	<testsuite id="2" name="translation_data_test" package="tests" timestamp="2025-08-18T14:07:44" hostname="localhost" tests="1" failures="0" errors="0" skipped="0" flaky="0" time="0.051">
		<testcase name="test_translation_file" classname="translation_data_test" time="0.033">
		</testcase>
	</testsuite>
</testsuites>
